2025-01-14 04:54:39.859 [info] Extension host with pid 36702 started
2025-01-14 04:54:39.872 [info] Lock '/home/ec2-user/.vscode-server/data/User/workspaceStorage/a7cea281314f3a8b29f25fe17d7eada8/vscode.lock': Lock acquired.
2025-01-14 04:54:40.820 [info] ExtensionService#_doActivateExtension vscode.git-base, startup: false, activationEvent: '*', root cause: vscode.git
2025-01-14 04:54:40.827 [info] ExtensionService#_doActivateExtension gitpod.gitpod-remote-ssh, startup: false, activationEvent: '*'
2025-01-14 04:54:41.648 [info] ExtensionService#_doActivateExtension vscode.git, startup: false, activationEvent: '*'
2025-01-14 04:54:41.648 [info] ExtensionService#_doActivateExtension vscode.github, startup: false, activationEvent: '*'
2025-01-14 04:54:41.793 [error] Activating extension gitpod.gitpod-remote-ssh failed due to an error:
2025-01-14 04:54:41.793 [error] Error: 14 UNAVAILABLE: No connection established
	at t.callErrorFromStatus (/home/ec2-user/.vscode-server/extensions/gitpod.gitpod-remote-ssh-0.0.57/out/extension.js:2:624042)
	at Object.onReceiveStatus (/home/ec2-user/.vscode-server/extensions/gitpod.gitpod-remote-ssh-0.0.57/out/extension.js:2:649249)
	at Object.onReceiveStatus (/home/ec2-user/.vscode-server/extensions/gitpod.gitpod-remote-ssh-0.0.57/out/extension.js:2:645134)
	at Object.onReceiveStatus (/home/ec2-user/.vscode-server/extensions/gitpod.gitpod-remote-ssh-0.0.57/out/extension.js:2:644579)
	at /home/ec2-user/.vscode-server/extensions/gitpod.gitpod-remote-ssh-0.0.57/out/extension.js:2:728561
	at process.processTicksAndRejections (node:internal/process/task_queues:77:11)
for call at
	at n.makeUnaryRequest (/home/ec2-user/.vscode-server/extensions/gitpod.gitpod-remote-ssh-0.0.57/out/extension.js:2:648790)
	at n.workspaceInfo (/home/ec2-user/.vscode-server/extensions/gitpod.gitpod-remote-ssh-0.0.57/out/extension.js:2:713964)
	at node:internal/util:432:7
	at new Promise (<anonymous>)
	at bound  (node:internal/util:418:12)
	at A.getWorkspaceInfo (/home/ec2-user/.vscode-server/extensions/gitpod.gitpod-remote-ssh-0.0.57/out/extension.js:2:1399582)
	at t.createGitpodExtensionContext (/home/ec2-user/.vscode-server/extensions/gitpod.gitpod-remote-ssh-0.0.57/out/extension.js:2:1376790)
	at t.setupGitpodContext (/home/ec2-user/.vscode-server/extensions/gitpod.gitpod-remote-ssh-0.0.57/out/extension.js:2:1370123)
	at t.activate (/home/ec2-user/.vscode-server/extensions/gitpod.gitpod-remote-ssh-0.0.57/out/extension.js:2:338504)
	at Pw.kb (file:///home/ec2-user/.vscode-server/cli/servers/Stable-fabdb6a30b49f79a7aba0f2ad9df9b399473380f/server/out/vs/workbench/api/node/extensionHostProcess.js:119:15214)
	at Pw.jb (file:///home/ec2-user/.vscode-server/cli/servers/Stable-fabdb6a30b49f79a7aba0f2ad9df9b399473380f/server/out/vs/workbench/api/node/extensionHostProcess.js:119:14921)
	at file:///home/ec2-user/.vscode-server/cli/servers/Stable-fabdb6a30b49f79a7aba0f2ad9df9b399473380f/server/out/vs/workbench/api/node/extensionHostProcess.js:119:13079
	at process.processTicksAndRejections (node:internal/process/task_queues:95:5)
	at async K0.n (file:///home/ec2-user/.vscode-server/cli/servers/Stable-fabdb6a30b49f79a7aba0f2ad9df9b399473380f/server/out/vs/workbench/api/node/extensionHostProcess.js:115:4447)
	at async K0.m (file:///home/ec2-user/.vscode-server/cli/servers/Stable-fabdb6a30b49f79a7aba0f2ad9df9b399473380f/server/out/vs/workbench/api/node/extensionHostProcess.js:115:4410)
	at async K0.l (file:///home/ec2-user/.vscode-server/cli/servers/Stable-fabdb6a30b49f79a7aba0f2ad9df9b399473380f/server/out/vs/workbench/api/node/extensionHostProcess.js:115:3866)
2025-01-14 04:54:43.108 [info] Eager extensions activated
2025-01-14 04:54:43.108 [info] ExtensionService#_doActivateExtension vscode.debug-auto-launch, startup: false, activationEvent: 'onStartupFinished'
2025-01-14 04:54:43.108 [info] ExtensionService#_doActivateExtension vscode.merge-conflict, startup: false, activationEvent: 'onStartupFinished'
2025-01-14 04:54:43.482 [info] ExtensionService#_doActivateExtension vscode.emmet, startup: false, activationEvent: 'onLanguage'
2025-01-14 04:54:43.867 [info] ExtensionService#_doActivateExtension vscode.extension-editing, startup: false, activationEvent: 'onLanguage:markdown'
2025-01-14 04:54:43.867 [info] ExtensionService#_doActivateExtension vscode.markdown-language-features, startup: false, activationEvent: 'onLanguage:markdown'
2025-01-14 04:54:46.493 [info] ExtensionService#_doActivateExtension vscode.markdown-math, startup: false, activationEvent: 'api', root cause: vscode.markdown-language-features
2025-01-14 04:59:55.420 [info] ExtensionService#_doActivateExtension vscode.npm, startup: false, activationEvent: 'onTerminalQuickFixRequest:ms-vscode.npm-command'
2025-01-14 05:00:00.979 [info] ExtensionService#_doActivateExtension vscode.configuration-editing, startup: false, activationEvent: 'onLanguage:json'
2025-01-14 05:00:00.979 [info] ExtensionService#_doActivateExtension vscode.json-language-features, startup: false, activationEvent: 'onLanguage:json'
