2025-01-14 04:54:43.382 [info] [main] Log level: Info
2025-01-14 04:54:43.382 [info] [main] Validating found git in: "git"
2025-01-14 04:54:43.382 [info] [main] Using git "2.40.1" from "git"
2025-01-14 04:54:43.382 [info] [Model][doInitialScan] Initial repository scan started
2025-01-14 04:54:43.382 [info] > git rev-parse --show-toplevel [4ms]
2025-01-14 04:54:43.382 [info] > git rev-parse --git-dir --git-common-dir [47ms]
2025-01-14 04:54:43.382 [info] [Model][openRepository] Opened repository: /home/ec2-user
2025-01-14 04:54:43.382 [info] > git config --get commit.template [3ms]
2025-01-14 04:54:43.382 [info] > git rev-parse --show-toplevel [6ms]
2025-01-14 04:54:43.382 [info] > git for-each-ref --format=%(refname)%00%(upstream:short)%00%(objectname)%00%(upstream:track)%00%(upstream:remotename)%00%(upstream:remoteref) refs/heads/master refs/remotes/master [4ms]
2025-01-14 04:54:43.382 [info] > git rev-parse --show-toplevel [9ms]
2025-01-14 04:54:43.382 [info] > git for-each-ref --sort -committerdate --format %(refname) %(objectname) %(*objectname) [7ms]
2025-01-14 04:54:43.382 [info] > git rev-parse --show-toplevel [5ms]
2025-01-14 04:54:43.382 [info] > git rev-parse --show-toplevel [2ms]
2025-01-14 04:54:43.382 [info] > git status -z -uall [38ms]
2025-01-14 04:54:43.382 [info] > git rev-parse --show-toplevel [16ms]
2025-01-14 04:54:43.382 [info] > git for-each-ref --format=%(refname)%00%(upstream:short)%00%(objectname)%00%(upstream:track)%00%(upstream:remotename)%00%(upstream:remoteref) refs/heads/master refs/remotes/master [8ms]
2025-01-14 04:54:43.382 [info] > git rev-parse --show-toplevel [5ms]
2025-01-14 04:54:43.382 [info] [Model][doInitialScan] Initial repository scan completed - repositories (1), closed repositories (0), parent repositories (0), unsafe repositories (0)
2025-01-14 04:54:43.382 [info] > git config --get commit.template [10ms]
2025-01-14 04:54:43.382 [info] > git config --local branch.master.vscode-merge-base [20ms]
2025-01-14 04:54:43.382 [warning] [Git][config] git config failed: Failed to execute git
2025-01-14 04:54:43.382 [info] > git for-each-ref --format=%(refname)%00%(upstream:short)%00%(objectname)%00%(upstream:track)%00%(upstream:remotename)%00%(upstream:remoteref) refs/heads/master refs/remotes/master [4ms]
2025-01-14 04:54:43.382 [info] > git reflog master --grep-reflog=branch: Created from *. [8ms]
2025-01-14 04:54:43.382 [info] > git for-each-ref --sort -committerdate --format %(refname) %(objectname) %(*objectname) [10ms]
2025-01-14 04:54:43.382 [info] > git status -z -uall [33ms]
2025-01-14 04:54:43.382 [info] > git for-each-ref --format=%(refname)%00%(upstream:short)%00%(objectname)%00%(upstream:track)%00%(upstream:remotename)%00%(upstream:remoteref) refs/heads/master refs/remotes/master [2ms]
2025-01-14 04:54:43.382 [info] > git symbolic-ref --short refs/remotes/origin/HEAD [29ms]
2025-01-14 04:54:43.382 [info] fatal: ref refs/remotes/origin/HEAD is not a symbolic ref
2025-01-14 04:54:43.382 [warning] [Repository][getDefaultBranch] Failed to get default branch details: Failed to execute git.
2025-01-14 04:54:43.382 [info] > git config --local branch.master.vscode-merge-base [6ms]
2025-01-14 04:54:43.382 [warning] [Git][config] git config failed: Failed to execute git
2025-01-14 04:54:43.382 [info] > git merge-base refs/heads/master refs/remotes/origin/master [6ms]
2025-01-14 04:54:43.382 [info] > git reflog master --grep-reflog=branch: Created from *. [5ms]
2025-01-14 04:54:43.417 [info] > git diff --name-status -z --diff-filter=ADMR 931b20c19cd43fd7a5d18677d43c804936441364...refs/remotes/origin/master [39ms]
2025-01-14 04:54:43.419 [info] > git symbolic-ref --short refs/remotes/origin/HEAD [38ms]
2025-01-14 04:54:43.419 [info] fatal: ref refs/remotes/origin/HEAD is not a symbolic ref
2025-01-14 04:54:43.419 [warning] [Repository][getDefaultBranch] Failed to get default branch details: Failed to execute git.
2025-01-14 04:54:44.001 [info] > git check-ignore -v -z --stdin [5ms]
2025-01-14 04:54:44.896 [info] > git show --textconv :README.md [85ms]
2025-01-14 04:54:44.897 [info] > git ls-files --stage -- /home/ec2-user/README.md [81ms]
2025-01-14 04:54:45.818 [info] > git config --get commit.template [4ms]
2025-01-14 04:54:45.820 [info] > git for-each-ref --format=%(refname)%00%(upstream:short)%00%(objectname)%00%(upstream:track)%00%(upstream:remotename)%00%(upstream:remoteref) refs/heads/master refs/remotes/master [3ms]
2025-01-14 04:54:45.846 [info] > git for-each-ref --sort -committerdate --format %(refname) %(objectname) %(*objectname) [17ms]
2025-01-14 04:54:45.853 [info] > git status -z -uall [31ms]
2025-01-14 04:55:08.096 [info] > git config --get commit.template [5ms]
2025-01-14 04:55:08.101 [info] > git for-each-ref --format=%(refname)%00%(upstream:short)%00%(objectname)%00%(upstream:track)%00%(upstream:remotename)%00%(upstream:remoteref) refs/heads/master refs/remotes/master [6ms]
2025-01-14 04:55:08.112 [info] > git for-each-ref --sort -committerdate --format %(refname) %(objectname) %(*objectname) [6ms]
2025-01-14 04:55:08.129 [info] > git status -z -uall [26ms]
2025-01-14 04:57:16.351 [info] > git config --get commit.template [3ms]
2025-01-14 04:57:16.354 [info] > git for-each-ref --format=%(refname)%00%(upstream:short)%00%(objectname)%00%(upstream:track)%00%(upstream:remotename)%00%(upstream:remoteref) refs/heads/master refs/remotes/master [2ms]
2025-01-14 04:57:16.371 [info] > git for-each-ref --sort -committerdate --format %(refname) %(objectname) %(*objectname) [9ms]
2025-01-14 04:57:16.385 [info] > git status -z -uall [28ms]
2025-01-14 04:57:17.561 [info] > git blame --root --incremental 931b20c19cd43fd7a5d18677d43c804936441364 -- /home/ec2-user/README.md [3ms]
2025-01-14 04:57:17.561 [info] fatal: no such path README.md in 931b20c19cd43fd7a5d18677d43c804936441364
2025-01-14 04:57:21.395 [info] > git config --get commit.template [4ms]
2025-01-14 04:57:21.397 [info] > git for-each-ref --format=%(refname)%00%(upstream:short)%00%(objectname)%00%(upstream:track)%00%(upstream:remotename)%00%(upstream:remoteref) refs/heads/master refs/remotes/master [3ms]
2025-01-14 04:57:21.415 [info] > git for-each-ref --sort -committerdate --format %(refname) %(objectname) %(*objectname) [13ms]
2025-01-14 04:57:21.424 [info] > git status -z -uall [26ms]
2025-01-14 04:57:26.433 [info] > git config --get commit.template [5ms]
2025-01-14 04:57:26.436 [info] > git for-each-ref --format=%(refname)%00%(upstream:short)%00%(objectname)%00%(upstream:track)%00%(upstream:remotename)%00%(upstream:remoteref) refs/heads/master refs/remotes/master [3ms]
2025-01-14 04:57:26.448 [info] > git for-each-ref --sort -committerdate --format %(refname) %(objectname) %(*objectname) [6ms]
2025-01-14 04:57:26.466 [info] > git status -z -uall [28ms]
2025-01-14 04:58:49.306 [info] > git config --get commit.template [5ms]
2025-01-14 04:58:49.308 [info] > git for-each-ref --format=%(refname)%00%(upstream:short)%00%(objectname)%00%(upstream:track)%00%(upstream:remotename)%00%(upstream:remoteref) refs/heads/master refs/remotes/master [4ms]
2025-01-14 04:58:49.317 [info] > git for-each-ref --sort -committerdate --format %(refname) %(objectname) %(*objectname) [4ms]
2025-01-14 04:58:49.336 [info] > git status -z -uall [27ms]
2025-01-14 04:58:54.345 [info] > git config --get commit.template [4ms]
2025-01-14 04:58:54.347 [info] > git for-each-ref --format=%(refname)%00%(upstream:short)%00%(objectname)%00%(upstream:track)%00%(upstream:remotename)%00%(upstream:remoteref) refs/heads/master refs/remotes/master [2ms]
2025-01-14 04:58:54.366 [info] > git for-each-ref --sort -committerdate --format %(refname) %(objectname) %(*objectname) [13ms]
2025-01-14 04:58:54.379 [info] > git status -z -uall [30ms]
2025-01-14 04:58:59.389 [info] > git config --get commit.template [4ms]
2025-01-14 04:58:59.390 [info] > git for-each-ref --format=%(refname)%00%(upstream:short)%00%(objectname)%00%(upstream:track)%00%(upstream:remotename)%00%(upstream:remoteref) refs/heads/master refs/remotes/master [2ms]
2025-01-14 04:58:59.415 [info] > git for-each-ref --sort -committerdate --format %(refname) %(objectname) %(*objectname) [20ms]
2025-01-14 04:58:59.419 [info] > git status -z -uall [27ms]
2025-01-14 04:59:04.426 [info] > git config --get commit.template [2ms]
2025-01-14 04:59:04.429 [info] > git for-each-ref --format=%(refname)%00%(upstream:short)%00%(objectname)%00%(upstream:track)%00%(upstream:remotename)%00%(upstream:remoteref) refs/heads/master refs/remotes/master [3ms]
2025-01-14 04:59:04.447 [info] > git for-each-ref --sort -committerdate --format %(refname) %(objectname) %(*objectname) [13ms]
2025-01-14 04:59:04.457 [info] > git status -z -uall [26ms]
2025-01-14 04:59:09.465 [info] > git config --get commit.template [3ms]
2025-01-14 04:59:09.467 [info] > git for-each-ref --format=%(refname)%00%(upstream:short)%00%(objectname)%00%(upstream:track)%00%(upstream:remotename)%00%(upstream:remoteref) refs/heads/master refs/remotes/master [4ms]
2025-01-14 04:59:09.479 [info] > git for-each-ref --sort -committerdate --format %(refname) %(objectname) %(*objectname) [7ms]
2025-01-14 04:59:09.495 [info] > git status -z -uall [27ms]
2025-01-14 04:59:16.574 [info] > git config --get commit.template [3ms]
2025-01-14 04:59:16.576 [info] > git for-each-ref --format=%(refname)%00%(upstream:short)%00%(objectname)%00%(upstream:track)%00%(upstream:remotename)%00%(upstream:remoteref) refs/heads/master refs/remotes/master [2ms]
2025-01-14 04:59:16.589 [info] > git for-each-ref --sort -committerdate --format %(refname) %(objectname) %(*objectname) [8ms]
2025-01-14 04:59:16.604 [info] > git status -z -uall [27ms]
2025-01-14 04:59:21.613 [info] > git config --get commit.template [4ms]
2025-01-14 04:59:21.615 [info] > git for-each-ref --format=%(refname)%00%(upstream:short)%00%(objectname)%00%(upstream:track)%00%(upstream:remotename)%00%(upstream:remoteref) refs/heads/master refs/remotes/master [2ms]
2025-01-14 04:59:21.628 [info] > git for-each-ref --sort -committerdate --format %(refname) %(objectname) %(*objectname) [8ms]
2025-01-14 04:59:21.643 [info] > git status -z -uall [27ms]
2025-01-14 04:59:26.167 [info] > git config --get commit.template [4ms]
2025-01-14 04:59:26.168 [info] > git for-each-ref --format=%(refname)%00%(upstream:short)%00%(objectname)%00%(upstream:track)%00%(upstream:remotename)%00%(upstream:remoteref) refs/heads/master refs/remotes/master [1ms]
2025-01-14 04:59:26.180 [info] > git for-each-ref --sort -committerdate --format %(refname) %(objectname) %(*objectname) [6ms]
2025-01-14 04:59:26.192 [info] > git status -z -uall [21ms]
2025-01-14 04:59:26.658 [info] > git config --get commit.template [10ms]
2025-01-14 04:59:26.665 [info] > git for-each-ref --format=%(refname)%00%(upstream:short)%00%(objectname)%00%(upstream:track)%00%(upstream:remotename)%00%(upstream:remoteref) refs/heads/master refs/remotes/master [7ms]
2025-01-14 04:59:26.680 [info] > git for-each-ref --sort -committerdate --format %(refname) %(objectname) %(*objectname) [6ms]
2025-01-14 04:59:26.699 [info] > git status -z -uall [29ms]
2025-01-14 04:59:26.699 [info] > git show --textconv HEAD:README.md [4ms]
2025-01-14 04:59:26.702 [info] > git ls-tree -l HEAD -- /home/ec2-user/README.md [3ms]
2025-01-14 04:59:27.408 [info] > git ls-files --stage -- /home/ec2-user/README.md [4ms]
2025-01-14 04:59:27.413 [info] > git ls-tree -l HEAD -- /home/ec2-user/README.md [6ms]
2025-01-14 04:59:27.415 [info] > git cat-file -s 26ea9eef57eee7a0416313c78e08dc728137eadb [3ms]
2025-01-14 04:59:27.487 [info] > git show --textconv HEAD:README.md [3ms]
2025-01-14 04:59:27.494 [info] > git show --textconv :README.md [2ms]
2025-01-14 04:59:31.712 [info] > git config --get commit.template [4ms]
2025-01-14 04:59:31.714 [info] > git for-each-ref --format=%(refname)%00%(upstream:short)%00%(objectname)%00%(upstream:track)%00%(upstream:remotename)%00%(upstream:remoteref) refs/heads/master refs/remotes/master [3ms]
2025-01-14 04:59:31.724 [info] > git for-each-ref --sort -committerdate --format %(refname) %(objectname) %(*objectname) [5ms]
2025-01-14 04:59:31.739 [info] > git status -z -uall [24ms]
2025-01-14 04:59:33.526 [info] > git config --get commit.template [4ms]
2025-01-14 04:59:33.527 [info] > git for-each-ref --format=%(refname)%00%(upstream:short)%00%(objectname)%00%(upstream:track)%00%(upstream:remotename)%00%(upstream:remoteref) refs/heads/master refs/remotes/master [2ms]
2025-01-14 04:59:33.546 [info] > git for-each-ref --sort -committerdate --format %(refname) %(objectname) %(*objectname) [12ms]
2025-01-14 04:59:33.557 [info] > git status -z -uall [27ms]
2025-01-14 04:59:33.567 [info] > git blame --root --incremental 8c33683f82ee4e851e71b5877688ff0ed4c9da93 -- /home/ec2-user/README.md [5ms]
2025-01-14 04:59:33.569 [info] > git merge-base refs/heads/master refs/remotes/origin/master [3ms]
2025-01-14 04:59:33.574 [info] > git diff --name-status -z --diff-filter=ADMR 931b20c19cd43fd7a5d18677d43c804936441364...refs/remotes/origin/master [2ms]
2025-01-14 04:59:34.849 [info] > git ls-files --stage -- /home/ec2-user/README.md [3ms]
2025-01-14 04:59:34.855 [info] > git cat-file -s 26ea9eef57eee7a0416313c78e08dc728137eadb [4ms]
2025-01-14 04:59:34.963 [info] > git show --textconv :README.md [3ms]
2025-01-14 04:59:36.753 [info] > git config --get commit.template [11ms]
2025-01-14 04:59:36.755 [info] > git for-each-ref --format=%(refname)%00%(upstream:short)%00%(objectname)%00%(upstream:track)%00%(upstream:remotename)%00%(upstream:remoteref) refs/heads/master refs/remotes/master [3ms]
2025-01-14 04:59:36.767 [info] > git for-each-ref --sort -committerdate --format %(refname) %(objectname) %(*objectname) [7ms]
2025-01-14 04:59:36.779 [info] > git status -z -uall [22ms]
2025-01-14 04:59:41.791 [info] > git config --get commit.template [3ms]
2025-01-14 04:59:41.794 [info] > git for-each-ref --format=%(refname)%00%(upstream:short)%00%(objectname)%00%(upstream:track)%00%(upstream:remotename)%00%(upstream:remoteref) refs/heads/master refs/remotes/master [3ms]
2025-01-14 04:59:41.805 [info] > git for-each-ref --sort -committerdate --format %(refname) %(objectname) %(*objectname) [5ms]
2025-01-14 04:59:41.819 [info] > git status -z -uall [23ms]
2025-01-14 04:59:46.828 [info] > git config --get commit.template [3ms]
2025-01-14 04:59:46.830 [info] > git for-each-ref --format=%(refname)%00%(upstream:short)%00%(objectname)%00%(upstream:track)%00%(upstream:remotename)%00%(upstream:remoteref) refs/heads/master refs/remotes/master [3ms]
2025-01-14 04:59:46.854 [info] > git for-each-ref --sort -committerdate --format %(refname) %(objectname) %(*objectname) [19ms]
2025-01-14 04:59:46.855 [info] > git status -z -uall [23ms]
2025-01-14 04:59:51.864 [info] > git config --get commit.template [3ms]
2025-01-14 04:59:51.866 [info] > git for-each-ref --format=%(refname)%00%(upstream:short)%00%(objectname)%00%(upstream:track)%00%(upstream:remotename)%00%(upstream:remoteref) refs/heads/master refs/remotes/master [3ms]
2025-01-14 04:59:51.875 [info] > git for-each-ref --sort -committerdate --format %(refname) %(objectname) %(*objectname) [4ms]
2025-01-14 04:59:51.891 [info] > git status -z -uall [23ms]
2025-01-14 04:59:56.900 [info] > git config --get commit.template [3ms]
2025-01-14 04:59:56.902 [info] > git for-each-ref --format=%(refname)%00%(upstream:short)%00%(objectname)%00%(upstream:track)%00%(upstream:remotename)%00%(upstream:remoteref) refs/heads/master refs/remotes/master [2ms]
2025-01-14 04:59:56.915 [info] > git for-each-ref --sort -committerdate --format %(refname) %(objectname) %(*objectname) [7ms]
2025-01-14 04:59:56.927 [info] > git status -z -uall [22ms]
2025-01-14 05:00:01.942 [info] > git config --get commit.template [3ms]
2025-01-14 05:00:01.945 [info] > git for-each-ref --format=%(refname)%00%(upstream:short)%00%(objectname)%00%(upstream:track)%00%(upstream:remotename)%00%(upstream:remoteref) refs/heads/master refs/remotes/master [3ms]
2025-01-14 05:00:01.957 [info] > git for-each-ref --sort -committerdate --format %(refname) %(objectname) %(*objectname) [6ms]
2025-01-14 05:00:01.970 [info] > git status -z -uall [23ms]
2025-01-14 05:00:03.990 [info] > git check-ignore -v -z --stdin [3ms]
2025-01-14 05:00:06.930 [info] > git show --textconv :nextwork-web-project/README.md [5ms]
2025-01-14 05:00:06.934 [info] > git ls-files --stage -- /home/ec2-user/nextwork-web-project/README.md [5ms]
2025-01-14 05:00:06.983 [info] > git for-each-ref --format=%(refname)%00%(upstream:short)%00%(objectname)%00%(upstream:track)%00%(upstream:remotename)%00%(upstream:remoteref) refs/heads/master refs/remotes/master [4ms]
2025-01-14 05:00:06.983 [info] > git config --get commit.template [7ms]
2025-01-14 05:00:06.991 [info] > git check-ignore -v -z --stdin [8ms]
2025-01-14 05:00:06.999 [info] > git for-each-ref --sort -committerdate --format %(refname) %(objectname) %(*objectname) [9ms]
2025-01-14 05:00:07.012 [info] > git status -z -uall [25ms]
2025-01-14 05:00:07.043 [info] > git blame --root --incremental 8c33683f82ee4e851e71b5877688ff0ed4c9da93 -- /home/ec2-user/nextwork-web-project/README.md [2ms]
2025-01-14 05:00:07.043 [info] fatal: no such path nextwork-web-project/README.md in 8c33683f82ee4e851e71b5877688ff0ed4c9da93
2025-01-14 05:00:12.021 [info] > git config --get commit.template [4ms]
2025-01-14 05:00:12.023 [info] > git for-each-ref --format=%(refname)%00%(upstream:short)%00%(objectname)%00%(upstream:track)%00%(upstream:remotename)%00%(upstream:remoteref) refs/heads/master refs/remotes/master [3ms]
2025-01-14 05:00:12.035 [info] > git for-each-ref --sort -committerdate --format %(refname) %(objectname) %(*objectname) [5ms]
2025-01-14 05:00:12.049 [info] > git status -z -uall [24ms]
2025-01-14 05:00:17.059 [info] > git config --get commit.template [3ms]
2025-01-14 05:00:17.062 [info] > git for-each-ref --format=%(refname)%00%(upstream:short)%00%(objectname)%00%(upstream:track)%00%(upstream:remotename)%00%(upstream:remoteref) refs/heads/master refs/remotes/master [4ms]
2025-01-14 05:00:17.069 [info] > git for-each-ref --sort -committerdate --format %(refname) %(objectname) %(*objectname) [2ms]
2025-01-14 05:00:17.087 [info] > git status -z -uall [24ms]
2025-01-14 05:00:22.097 [info] > git config --get commit.template [4ms]
2025-01-14 05:00:22.099 [info] > git for-each-ref --format=%(refname)%00%(upstream:short)%00%(objectname)%00%(upstream:track)%00%(upstream:remotename)%00%(upstream:remoteref) refs/heads/master refs/remotes/master [2ms]
2025-01-14 05:00:22.123 [info] > git for-each-ref --sort -committerdate --format %(refname) %(objectname) %(*objectname) [17ms]
2025-01-14 05:00:22.125 [info] > git status -z -uall [23ms]
2025-01-14 05:00:23.745 [info] > git config --get commit.template [4ms]
2025-01-14 05:00:23.747 [info] > git for-each-ref --format=%(refname)%00%(upstream:short)%00%(objectname)%00%(upstream:track)%00%(upstream:remotename)%00%(upstream:remoteref) refs/heads/master refs/remotes/master [2ms]
2025-01-14 05:00:23.774 [info] > git for-each-ref --sort -committerdate --format %(refname) %(objectname) %(*objectname) [20ms]
2025-01-14 05:00:23.774 [info] > git status -z -uall [24ms]
2025-01-14 05:00:27.134 [info] > git config --get commit.template [3ms]
2025-01-14 05:00:27.137 [info] > git for-each-ref --format=%(refname)%00%(upstream:short)%00%(objectname)%00%(upstream:track)%00%(upstream:remotename)%00%(upstream:remoteref) refs/heads/master refs/remotes/master [3ms]
2025-01-14 05:00:27.148 [info] > git for-each-ref --sort -committerdate --format %(refname) %(objectname) %(*objectname) [5ms]
2025-01-14 05:00:27.162 [info] > git status -z -uall [23ms]
2025-01-14 05:00:32.174 [info] > git config --get commit.template [5ms]
2025-01-14 05:00:32.176 [info] > git for-each-ref --format=%(refname)%00%(upstream:short)%00%(objectname)%00%(upstream:track)%00%(upstream:remotename)%00%(upstream:remoteref) refs/heads/master refs/remotes/master [3ms]
2025-01-14 05:00:32.188 [info] > git for-each-ref --sort -committerdate --format %(refname) %(objectname) %(*objectname) [6ms]
2025-01-14 05:00:32.201 [info] > git status -z -uall [23ms]
2025-01-14 05:00:34.319 [info] > git config --get commit.template [3ms]
2025-01-14 05:00:34.321 [info] > git for-each-ref --format=%(refname)%00%(upstream:short)%00%(objectname)%00%(upstream:track)%00%(upstream:remotename)%00%(upstream:remoteref) refs/heads/master refs/remotes/master [3ms]
2025-01-14 05:00:34.333 [info] > git for-each-ref --sort -committerdate --format %(refname) %(objectname) %(*objectname) [5ms]
2025-01-14 05:00:34.348 [info] > git status -z -uall [24ms]
2025-01-14 05:00:37.211 [info] > git config --get commit.template [4ms]
2025-01-14 05:00:37.215 [info] > git for-each-ref --format=%(refname)%00%(upstream:short)%00%(objectname)%00%(upstream:track)%00%(upstream:remotename)%00%(upstream:remoteref) refs/heads/master refs/remotes/master [4ms]
2025-01-14 05:00:37.227 [info] > git for-each-ref --sort -committerdate --format %(refname) %(objectname) %(*objectname) [6ms]
2025-01-14 05:00:37.240 [info] > git status -z -uall [23ms]
2025-01-14 05:00:42.251 [info] > git config --get commit.template [4ms]
2025-01-14 05:00:42.253 [info] > git for-each-ref --format=%(refname)%00%(upstream:short)%00%(objectname)%00%(upstream:track)%00%(upstream:remotename)%00%(upstream:remoteref) refs/heads/master refs/remotes/master [1ms]
2025-01-14 05:00:42.267 [info] > git for-each-ref --sort -committerdate --format %(refname) %(objectname) %(*objectname) [9ms]
2025-01-14 05:00:42.279 [info] > git status -z -uall [24ms]
2025-01-14 05:00:47.290 [info] > git config --get commit.template [4ms]
2025-01-14 05:00:47.292 [info] > git for-each-ref --format=%(refname)%00%(upstream:short)%00%(objectname)%00%(upstream:track)%00%(upstream:remotename)%00%(upstream:remoteref) refs/heads/master refs/remotes/master [3ms]
2025-01-14 05:00:47.305 [info] > git for-each-ref --sort -committerdate --format %(refname) %(objectname) %(*objectname) [8ms]
2025-01-14 05:00:47.319 [info] > git status -z -uall [24ms]
2025-01-14 05:00:52.327 [info] > git config --get commit.template [3ms]
2025-01-14 05:00:52.330 [info] > git for-each-ref --format=%(refname)%00%(upstream:short)%00%(objectname)%00%(upstream:track)%00%(upstream:remotename)%00%(upstream:remoteref) refs/heads/master refs/remotes/master [3ms]
2025-01-14 05:00:52.353 [info] > git for-each-ref --sort -committerdate --format %(refname) %(objectname) %(*objectname) [17ms]
2025-01-14 05:00:52.354 [info] > git status -z -uall [22ms]
2025-01-14 05:00:57.363 [info] > git config --get commit.template [3ms]
2025-01-14 05:00:57.366 [info] > git for-each-ref --format=%(refname)%00%(upstream:short)%00%(objectname)%00%(upstream:track)%00%(upstream:remotename)%00%(upstream:remoteref) refs/heads/master refs/remotes/master [3ms]
2025-01-14 05:00:57.378 [info] > git for-each-ref --sort -committerdate --format %(refname) %(objectname) %(*objectname) [6ms]
2025-01-14 05:00:57.390 [info] > git status -z -uall [22ms]
2025-01-14 05:01:02.714 [info] > git config --get commit.template [4ms]
2025-01-14 05:01:02.715 [info] > git for-each-ref --format=%(refname)%00%(upstream:short)%00%(objectname)%00%(upstream:track)%00%(upstream:remotename)%00%(upstream:remoteref) refs/heads/master refs/remotes/master [2ms]
2025-01-14 05:01:02.727 [info] > git for-each-ref --sort -committerdate --format %(refname) %(objectname) %(*objectname) [6ms]
2025-01-14 05:01:02.740 [info] > git status -z -uall [23ms]
2025-01-14 05:01:07.758 [info] > git config --get commit.template [5ms]
2025-01-14 05:01:07.761 [info] > git for-each-ref --format=%(refname)%00%(upstream:short)%00%(objectname)%00%(upstream:track)%00%(upstream:remotename)%00%(upstream:remoteref) refs/heads/master refs/remotes/master [2ms]
2025-01-14 05:01:07.773 [info] > git for-each-ref --sort -committerdate --format %(refname) %(objectname) %(*objectname) [7ms]
2025-01-14 05:01:07.785 [info] > git status -z -uall [23ms]
2025-01-14 05:01:12.794 [info] > git config --get commit.template [4ms]
2025-01-14 05:01:12.797 [info] > git for-each-ref --format=%(refname)%00%(upstream:short)%00%(objectname)%00%(upstream:track)%00%(upstream:remotename)%00%(upstream:remoteref) refs/heads/master refs/remotes/master [3ms]
2025-01-14 05:01:12.809 [info] > git for-each-ref --sort -committerdate --format %(refname) %(objectname) %(*objectname) [5ms]
2025-01-14 05:01:12.822 [info] > git status -z -uall [22ms]
2025-01-14 05:01:28.190 [info] > git config --get commit.template [4ms]
2025-01-14 05:01:28.192 [info] > git for-each-ref --format=%(refname)%00%(upstream:short)%00%(objectname)%00%(upstream:track)%00%(upstream:remotename)%00%(upstream:remoteref) refs/heads/master refs/remotes/master [3ms]
2025-01-14 05:01:28.204 [info] > git for-each-ref --sort -committerdate --format %(refname) %(objectname) %(*objectname) [7ms]
2025-01-14 05:01:28.217 [info] > git status -z -uall [23ms]
2025-01-14 05:01:31.683 [info] > git show --textconv :README.md [5ms]
2025-01-14 05:01:31.686 [info] > git ls-files --stage -- /home/ec2-user/README.md [4ms]
2025-01-14 05:01:31.689 [info] > git cat-file -s 26ea9eef57eee7a0416313c78e08dc728137eadb [1ms]
2025-01-14 05:01:33.225 [info] > git config --get commit.template [3ms]
2025-01-14 05:01:33.228 [info] > git for-each-ref --format=%(refname)%00%(upstream:short)%00%(objectname)%00%(upstream:track)%00%(upstream:remotename)%00%(upstream:remoteref) refs/heads/master refs/remotes/master [3ms]
2025-01-14 05:01:33.238 [info] > git for-each-ref --sort -committerdate --format %(refname) %(objectname) %(*objectname) [5ms]
2025-01-14 05:01:33.254 [info] > git status -z -uall [24ms]
2025-01-14 05:01:38.264 [info] > git config --get commit.template [5ms]
2025-01-14 05:01:38.266 [info] > git for-each-ref --format=%(refname)%00%(upstream:short)%00%(objectname)%00%(upstream:track)%00%(upstream:remotename)%00%(upstream:remoteref) refs/heads/master refs/remotes/master [3ms]
2025-01-14 05:01:38.278 [info] > git for-each-ref --sort -committerdate --format %(refname) %(objectname) %(*objectname) [7ms]
2025-01-14 05:01:38.293 [info] > git status -z -uall [25ms]
2025-01-14 05:01:43.302 [info] > git config --get commit.template [4ms]
2025-01-14 05:01:43.304 [info] > git for-each-ref --format=%(refname)%00%(upstream:short)%00%(objectname)%00%(upstream:track)%00%(upstream:remotename)%00%(upstream:remoteref) refs/heads/master refs/remotes/master [2ms]
2025-01-14 05:01:43.317 [info] > git for-each-ref --sort -committerdate --format %(refname) %(objectname) %(*objectname) [8ms]
2025-01-14 05:01:43.328 [info] > git status -z -uall [23ms]
2025-01-14 05:01:47.070 [info] > git ls-files --stage -- /home/ec2-user/README.md [3ms]
2025-01-14 05:01:47.073 [info] > git cat-file -s 26ea9eef57eee7a0416313c78e08dc728137eadb [1ms]
2025-01-14 05:01:47.206 [info] > git show --textconv :README.md [3ms]
2025-01-14 05:01:48.337 [info] > git config --get commit.template [3ms]
2025-01-14 05:01:48.340 [info] > git for-each-ref --format=%(refname)%00%(upstream:short)%00%(objectname)%00%(upstream:track)%00%(upstream:remotename)%00%(upstream:remoteref) refs/heads/master refs/remotes/master [3ms]
2025-01-14 05:01:48.364 [info] > git for-each-ref --sort -committerdate --format %(refname) %(objectname) %(*objectname) [18ms]
2025-01-14 05:01:48.365 [info] > git status -z -uall [23ms]
2025-01-14 05:01:53.376 [info] > git config --get commit.template [5ms]
2025-01-14 05:01:53.377 [info] > git for-each-ref --format=%(refname)%00%(upstream:short)%00%(objectname)%00%(upstream:track)%00%(upstream:remotename)%00%(upstream:remoteref) refs/heads/master refs/remotes/master [2ms]
2025-01-14 05:01:53.392 [info] > git for-each-ref --sort -committerdate --format %(refname) %(objectname) %(*objectname) [7ms]
2025-01-14 05:01:53.404 [info] > git status -z -uall [24ms]
2025-01-14 05:01:55.230 [info] > git config --get commit.template [4ms]
2025-01-14 05:01:55.232 [info] > git for-each-ref --format=%(refname)%00%(upstream:short)%00%(objectname)%00%(upstream:track)%00%(upstream:remotename)%00%(upstream:remoteref) refs/heads/master refs/remotes/master [2ms]
2025-01-14 05:01:55.255 [info] > git for-each-ref --sort -committerdate --format %(refname) %(objectname) %(*objectname) [18ms]
2025-01-14 05:01:55.265 [info] > git status -z -uall [31ms]
2025-01-14 05:01:56.572 [info] > git ls-files --stage -- /home/ec2-user/README.md [3ms]
2025-01-14 05:01:56.575 [info] > git cat-file -s 26ea9eef57eee7a0416313c78e08dc728137eadb [1ms]
2025-01-14 05:01:56.693 [info] > git show --textconv :README.md [7ms]
2025-01-14 05:01:58.374 [info] > git ls-files --stage -- /home/ec2-user/README.md [2ms]
2025-01-14 05:01:58.378 [info] > git cat-file -s 26ea9eef57eee7a0416313c78e08dc728137eadb [2ms]
2025-01-14 05:01:58.411 [info] > git config --get commit.template [3ms]
2025-01-14 05:01:58.413 [info] > git for-each-ref --format=%(refname)%00%(upstream:short)%00%(objectname)%00%(upstream:track)%00%(upstream:remotename)%00%(upstream:remoteref) refs/heads/master refs/remotes/master [2ms]
2025-01-14 05:01:58.425 [info] > git for-each-ref --sort -committerdate --format %(refname) %(objectname) %(*objectname) [5ms]
2025-01-14 05:01:58.442 [info] > git status -z -uall [26ms]
2025-01-14 05:01:58.457 [info] > git show --textconv :README.md [3ms]
2025-01-14 05:02:03.450 [info] > git config --get commit.template [3ms]
2025-01-14 05:02:03.452 [info] > git for-each-ref --format=%(refname)%00%(upstream:short)%00%(objectname)%00%(upstream:track)%00%(upstream:remotename)%00%(upstream:remoteref) refs/heads/master refs/remotes/master [3ms]
2025-01-14 05:02:03.464 [info] > git for-each-ref --sort -committerdate --format %(refname) %(objectname) %(*objectname) [6ms]
2025-01-14 05:02:03.476 [info] > git status -z -uall [22ms]
2025-01-14 05:02:04.368 [info] > git config --get commit.template [4ms]
2025-01-14 05:02:04.370 [info] > git for-each-ref --format=%(refname)%00%(upstream:short)%00%(objectname)%00%(upstream:track)%00%(upstream:remotename)%00%(upstream:remoteref) refs/heads/master refs/remotes/master [2ms]
2025-01-14 05:02:04.388 [info] > git for-each-ref --sort -committerdate --format %(refname) %(objectname) %(*objectname) [8ms]
2025-01-14 05:02:04.403 [info] > git status -z -uall [28ms]
2025-01-14 05:02:04.412 [info] > git blame --root --incremental 3896819738f2cfee3daa4c935810710ee952e02e -- /home/ec2-user/README.md [5ms]
2025-01-14 05:02:04.414 [info] > git merge-base refs/heads/master refs/remotes/origin/master [3ms]
2025-01-14 05:02:04.418 [info] > git diff --name-status -z --diff-filter=ADMR 931b20c19cd43fd7a5d18677d43c804936441364...refs/remotes/origin/master [1ms]
2025-01-14 05:02:05.614 [info] > git ls-files --stage -- /home/ec2-user/README.md [3ms]
2025-01-14 05:02:05.618 [info] > git cat-file -s 26ea9eef57eee7a0416313c78e08dc728137eadb [2ms]
2025-01-14 05:02:05.693 [info] > git show --textconv :README.md [4ms]
2025-01-14 05:02:08.486 [info] > git config --get commit.template [4ms]
2025-01-14 05:02:08.488 [info] > git for-each-ref --format=%(refname)%00%(upstream:short)%00%(objectname)%00%(upstream:track)%00%(upstream:remotename)%00%(upstream:remoteref) refs/heads/master refs/remotes/master [3ms]
2025-01-14 05:02:08.507 [info] > git for-each-ref --sort -committerdate --format %(refname) %(objectname) %(*objectname) [14ms]
2025-01-14 05:02:08.515 [info] > git status -z -uall [25ms]
2025-01-14 05:02:13.524 [info] > git config --get commit.template [4ms]
2025-01-14 05:02:13.526 [info] > git for-each-ref --format=%(refname)%00%(upstream:short)%00%(objectname)%00%(upstream:track)%00%(upstream:remotename)%00%(upstream:remoteref) refs/heads/master refs/remotes/master [2ms]
2025-01-14 05:02:13.540 [info] > git for-each-ref --sort -committerdate --format %(refname) %(objectname) %(*objectname) [9ms]
2025-01-14 05:02:13.550 [info] > git status -z -uall [22ms]
2025-01-14 05:02:18.558 [info] > git config --get commit.template [4ms]
2025-01-14 05:02:18.560 [info] > git for-each-ref --format=%(refname)%00%(upstream:short)%00%(objectname)%00%(upstream:track)%00%(upstream:remotename)%00%(upstream:remoteref) refs/heads/master refs/remotes/master [2ms]
2025-01-14 05:02:18.572 [info] > git for-each-ref --sort -committerdate --format %(refname) %(objectname) %(*objectname) [7ms]
2025-01-14 05:02:18.584 [info] > git status -z -uall [22ms]
2025-01-14 05:02:23.592 [info] > git config --get commit.template [3ms]
2025-01-14 05:02:23.595 [info] > git for-each-ref --format=%(refname)%00%(upstream:short)%00%(objectname)%00%(upstream:track)%00%(upstream:remotename)%00%(upstream:remoteref) refs/heads/master refs/remotes/master [3ms]
2025-01-14 05:02:23.608 [info] > git for-each-ref --sort -committerdate --format %(refname) %(objectname) %(*objectname) [8ms]
2025-01-14 05:02:23.621 [info] > git status -z -uall [24ms]
2025-01-14 05:02:28.630 [info] > git config --get commit.template [4ms]
2025-01-14 05:02:28.633 [info] > git for-each-ref --format=%(refname)%00%(upstream:short)%00%(objectname)%00%(upstream:track)%00%(upstream:remotename)%00%(upstream:remoteref) refs/heads/master refs/remotes/master [2ms]
2025-01-14 05:02:28.654 [info] > git for-each-ref --sort -committerdate --format %(refname) %(objectname) %(*objectname) [16ms]
2025-01-14 05:02:28.660 [info] > git status -z -uall [25ms]
2025-01-14 05:02:33.669 [info] > git config --get commit.template [4ms]
2025-01-14 05:02:33.672 [info] > git for-each-ref --format=%(refname)%00%(upstream:short)%00%(objectname)%00%(upstream:track)%00%(upstream:remotename)%00%(upstream:remoteref) refs/heads/master refs/remotes/master [4ms]
2025-01-14 05:02:33.695 [info] > git for-each-ref --sort -committerdate --format %(refname) %(objectname) %(*objectname) [18ms]
2025-01-14 05:02:33.696 [info] > git status -z -uall [23ms]
2025-01-14 05:02:38.706 [info] > git config --get commit.template [4ms]
2025-01-14 05:02:38.708 [info] > git for-each-ref --format=%(refname)%00%(upstream:short)%00%(objectname)%00%(upstream:track)%00%(upstream:remotename)%00%(upstream:remoteref) refs/heads/master refs/remotes/master [3ms]
2025-01-14 05:02:38.720 [info] > git for-each-ref --sort -committerdate --format %(refname) %(objectname) %(*objectname) [7ms]
2025-01-14 05:02:38.732 [info] > git status -z -uall [23ms]
2025-01-14 05:02:43.741 [info] > git config --get commit.template [4ms]
2025-01-14 05:02:43.743 [info] > git for-each-ref --format=%(refname)%00%(upstream:short)%00%(objectname)%00%(upstream:track)%00%(upstream:remotename)%00%(upstream:remoteref) refs/heads/master refs/remotes/master [3ms]
2025-01-14 05:02:43.755 [info] > git for-each-ref --sort -committerdate --format %(refname) %(objectname) %(*objectname) [7ms]
2025-01-14 05:02:43.767 [info] > git status -z -uall [22ms]
2025-01-14 05:02:48.776 [info] > git config --get commit.template [4ms]
2025-01-14 05:02:48.778 [info] > git for-each-ref --format=%(refname)%00%(upstream:short)%00%(objectname)%00%(upstream:track)%00%(upstream:remotename)%00%(upstream:remoteref) refs/heads/master refs/remotes/master [3ms]
2025-01-14 05:02:48.789 [info] > git for-each-ref --sort -committerdate --format %(refname) %(objectname) %(*objectname) [5ms]
2025-01-14 05:02:48.805 [info] > git status -z -uall [25ms]
2025-01-14 05:02:53.823 [info] > git config --get commit.template [5ms]
2025-01-14 05:02:53.825 [info] > git for-each-ref --format=%(refname)%00%(upstream:short)%00%(objectname)%00%(upstream:track)%00%(upstream:remotename)%00%(upstream:remoteref) refs/heads/master refs/remotes/master [3ms]
2025-01-14 05:02:53.847 [info] > git for-each-ref --sort -committerdate --format %(refname) %(objectname) %(*objectname) [17ms]
2025-01-14 05:02:53.849 [info] > git status -z -uall [22ms]
2025-01-14 05:03:09.608 [info] > git config --get commit.template [3ms]
2025-01-14 05:03:09.611 [info] > git for-each-ref --format=%(refname)%00%(upstream:short)%00%(objectname)%00%(upstream:track)%00%(upstream:remotename)%00%(upstream:remoteref) refs/heads/master refs/remotes/master [3ms]
2025-01-14 05:03:09.624 [info] > git for-each-ref --sort -committerdate --format %(refname) %(objectname) %(*objectname) [5ms]
2025-01-14 05:03:09.637 [info] > git status -z -uall [22ms]
2025-01-14 05:03:14.646 [info] > git config --get commit.template [5ms]
2025-01-14 05:03:14.649 [info] > git for-each-ref --format=%(refname)%00%(upstream:short)%00%(objectname)%00%(upstream:track)%00%(upstream:remotename)%00%(upstream:remoteref) refs/heads/master refs/remotes/master [4ms]
2025-01-14 05:03:14.666 [info] > git for-each-ref --sort -committerdate --format %(refname) %(objectname) %(*objectname) [12ms]
2025-01-14 05:03:14.674 [info] > git status -z -uall [23ms]
2025-01-14 05:03:19.183 [info] > git ls-files --stage -- /home/ec2-user/README.md [3ms]
2025-01-14 05:03:19.188 [info] > git cat-file -s 26ea9eef57eee7a0416313c78e08dc728137eadb [2ms]
2025-01-14 05:03:19.261 [info] > git show --textconv :README.md [3ms]
2025-01-14 05:03:19.683 [info] > git config --get commit.template [3ms]
2025-01-14 05:03:19.685 [info] > git for-each-ref --format=%(refname)%00%(upstream:short)%00%(objectname)%00%(upstream:track)%00%(upstream:remotename)%00%(upstream:remoteref) refs/heads/master refs/remotes/master [3ms]
2025-01-14 05:03:19.706 [info] > git for-each-ref --sort -committerdate --format %(refname) %(objectname) %(*objectname) [13ms]
2025-01-14 05:03:19.713 [info] > git status -z -uall [25ms]
2025-01-14 05:03:24.722 [info] > git config --get commit.template [3ms]
2025-01-14 05:03:24.724 [info] > git for-each-ref --format=%(refname)%00%(upstream:short)%00%(objectname)%00%(upstream:track)%00%(upstream:remotename)%00%(upstream:remoteref) refs/heads/master refs/remotes/master [3ms]
2025-01-14 05:03:24.745 [info] > git for-each-ref --sort -committerdate --format %(refname) %(objectname) %(*objectname) [15ms]
2025-01-14 05:03:24.749 [info] > git status -z -uall [23ms]
2025-01-14 05:03:29.758 [info] > git config --get commit.template [4ms]
2025-01-14 05:03:29.760 [info] > git for-each-ref --format=%(refname)%00%(upstream:short)%00%(objectname)%00%(upstream:track)%00%(upstream:remotename)%00%(upstream:remoteref) refs/heads/master refs/remotes/master [3ms]
2025-01-14 05:03:29.785 [info] > git for-each-ref --sort -committerdate --format %(refname) %(objectname) %(*objectname) [19ms]
2025-01-14 05:03:29.785 [info] > git status -z -uall [24ms]
2025-01-14 05:03:34.803 [info] > git config --get commit.template [6ms]
2025-01-14 05:03:34.804 [info] > git for-each-ref --format=%(refname)%00%(upstream:short)%00%(objectname)%00%(upstream:track)%00%(upstream:remotename)%00%(upstream:remoteref) refs/heads/master refs/remotes/master [2ms]
2025-01-14 05:03:34.820 [info] > git for-each-ref --sort -committerdate --format %(refname) %(objectname) %(*objectname) [9ms]
2025-01-14 05:03:34.830 [info] > git status -z -uall [23ms]
2025-01-14 05:03:39.840 [info] > git config --get commit.template [4ms]
2025-01-14 05:03:39.842 [info] > git for-each-ref --format=%(refname)%00%(upstream:short)%00%(objectname)%00%(upstream:track)%00%(upstream:remotename)%00%(upstream:remoteref) refs/heads/master refs/remotes/master [4ms]
2025-01-14 05:03:39.865 [info] > git for-each-ref --sort -committerdate --format %(refname) %(objectname) %(*objectname) [17ms]
2025-01-14 05:03:39.866 [info] > git status -z -uall [22ms]
2025-01-14 05:03:44.874 [info] > git config --get commit.template [3ms]
2025-01-14 05:03:44.875 [info] > git for-each-ref --format=%(refname)%00%(upstream:short)%00%(objectname)%00%(upstream:track)%00%(upstream:remotename)%00%(upstream:remoteref) refs/heads/master refs/remotes/master [2ms]
2025-01-14 05:03:44.888 [info] > git for-each-ref --sort -committerdate --format %(refname) %(objectname) %(*objectname) [7ms]
2025-01-14 05:03:44.900 [info] > git status -z -uall [22ms]
2025-01-14 05:04:06.403 [info] > git config --get commit.template [3ms]
2025-01-14 05:04:06.406 [info] > git for-each-ref --format=%(refname)%00%(upstream:short)%00%(objectname)%00%(upstream:track)%00%(upstream:remotename)%00%(upstream:remoteref) refs/heads/master refs/remotes/master [3ms]
2025-01-14 05:04:06.417 [info] > git for-each-ref --sort -committerdate --format %(refname) %(objectname) %(*objectname) [5ms]
2025-01-14 05:04:06.430 [info] > git status -z -uall [23ms]
2025-01-14 05:04:11.440 [info] > git config --get commit.template [3ms]
2025-01-14 05:04:11.442 [info] > git for-each-ref --format=%(refname)%00%(upstream:short)%00%(objectname)%00%(upstream:track)%00%(upstream:remotename)%00%(upstream:remoteref) refs/heads/master refs/remotes/master [2ms]
2025-01-14 05:04:11.455 [info] > git for-each-ref --sort -committerdate --format %(refname) %(objectname) %(*objectname) [6ms]
2025-01-14 05:04:11.467 [info] > git status -z -uall [22ms]
2025-01-14 05:04:16.478 [info] > git config --get commit.template [4ms]
2025-01-14 05:04:16.479 [info] > git for-each-ref --format=%(refname)%00%(upstream:short)%00%(objectname)%00%(upstream:track)%00%(upstream:remotename)%00%(upstream:remoteref) refs/heads/master refs/remotes/master [2ms]
2025-01-14 05:04:16.502 [info] > git for-each-ref --sort -committerdate --format %(refname) %(objectname) %(*objectname) [16ms]
2025-01-14 05:04:16.505 [info] > git status -z -uall [24ms]
2025-01-14 05:04:21.521 [info] > git config --get commit.template [3ms]
2025-01-14 05:04:21.524 [info] > git for-each-ref --format=%(refname)%00%(upstream:short)%00%(objectname)%00%(upstream:track)%00%(upstream:remotename)%00%(upstream:remoteref) refs/heads/master refs/remotes/master [3ms]
2025-01-14 05:04:21.546 [info] > git for-each-ref --sort -committerdate --format %(refname) %(objectname) %(*objectname) [16ms]
2025-01-14 05:04:21.548 [info] > git status -z -uall [22ms]
2025-01-14 05:04:26.557 [info] > git config --get commit.template [4ms]
2025-01-14 05:04:26.559 [info] > git for-each-ref --format=%(refname)%00%(upstream:short)%00%(objectname)%00%(upstream:track)%00%(upstream:remotename)%00%(upstream:remoteref) refs/heads/master refs/remotes/master [3ms]
2025-01-14 05:04:26.577 [info] > git for-each-ref --sort -committerdate --format %(refname) %(objectname) %(*objectname) [13ms]
2025-01-14 05:04:26.583 [info] > git status -z -uall [22ms]
2025-01-14 05:04:30.108 [info] > git ls-files --stage -- /home/ec2-user/README.md [3ms]
2025-01-14 05:04:30.111 [info] > git cat-file -s 26ea9eef57eee7a0416313c78e08dc728137eadb [2ms]
2025-01-14 05:04:30.190 [info] > git show --textconv :README.md [3ms]
2025-01-14 05:04:31.591 [info] > git config --get commit.template [3ms]
2025-01-14 05:04:31.593 [info] > git for-each-ref --format=%(refname)%00%(upstream:short)%00%(objectname)%00%(upstream:track)%00%(upstream:remotename)%00%(upstream:remoteref) refs/heads/master refs/remotes/master [3ms]
2025-01-14 05:04:31.617 [info] > git for-each-ref --sort -committerdate --format %(refname) %(objectname) %(*objectname) [18ms]
2025-01-14 05:04:31.619 [info] > git status -z -uall [24ms]
2025-01-14 05:04:36.634 [info] > git config --get commit.template [9ms]
2025-01-14 05:04:36.635 [info] > git for-each-ref --format=%(refname)%00%(upstream:short)%00%(objectname)%00%(upstream:track)%00%(upstream:remotename)%00%(upstream:remoteref) refs/heads/master refs/remotes/master [9ms]
2025-01-14 05:04:36.648 [info] > git for-each-ref --sort -committerdate --format %(refname) %(objectname) %(*objectname) [7ms]
2025-01-14 05:04:36.662 [info] > git status -z -uall [24ms]
2025-01-14 05:04:41.670 [info] > git config --get commit.template [4ms]
2025-01-14 05:04:41.672 [info] > git for-each-ref --format=%(refname)%00%(upstream:short)%00%(objectname)%00%(upstream:track)%00%(upstream:remotename)%00%(upstream:remoteref) refs/heads/master refs/remotes/master [3ms]
2025-01-14 05:04:41.696 [info] > git for-each-ref --sort -committerdate --format %(refname) %(objectname) %(*objectname) [17ms]
2025-01-14 05:04:41.697 [info] > git status -z -uall [23ms]
2025-01-14 05:04:46.706 [info] > git config --get commit.template [5ms]
2025-01-14 05:04:46.707 [info] > git for-each-ref --format=%(refname)%00%(upstream:short)%00%(objectname)%00%(upstream:track)%00%(upstream:remotename)%00%(upstream:remoteref) refs/heads/master refs/remotes/master [2ms]
2025-01-14 05:04:46.725 [info] > git for-each-ref --sort -committerdate --format %(refname) %(objectname) %(*objectname) [13ms]
2025-01-14 05:04:46.732 [info] > git status -z -uall [23ms]
2025-01-14 05:04:51.740 [info] > git config --get commit.template [3ms]
2025-01-14 05:04:51.742 [info] > git for-each-ref --format=%(refname)%00%(upstream:short)%00%(objectname)%00%(upstream:track)%00%(upstream:remotename)%00%(upstream:remoteref) refs/heads/master refs/remotes/master [2ms]
2025-01-14 05:04:51.765 [info] > git for-each-ref --sort -committerdate --format %(refname) %(objectname) %(*objectname) [17ms]
2025-01-14 05:04:51.768 [info] > git status -z -uall [24ms]
2025-01-14 05:04:56.778 [info] > git config --get commit.template [4ms]
2025-01-14 05:04:56.780 [info] > git for-each-ref --format=%(refname)%00%(upstream:short)%00%(objectname)%00%(upstream:track)%00%(upstream:remotename)%00%(upstream:remoteref) refs/heads/master refs/remotes/master [2ms]
2025-01-14 05:04:56.794 [info] > git for-each-ref --sort -committerdate --format %(refname) %(objectname) %(*objectname) [7ms]
2025-01-14 05:04:56.807 [info] > git status -z -uall [25ms]
2025-01-14 05:05:01.816 [info] > git config --get commit.template [4ms]
2025-01-14 05:05:01.818 [info] > git for-each-ref --format=%(refname)%00%(upstream:short)%00%(objectname)%00%(upstream:track)%00%(upstream:remotename)%00%(upstream:remoteref) refs/heads/master refs/remotes/master [2ms]
2025-01-14 05:05:01.831 [info] > git for-each-ref --sort -committerdate --format %(refname) %(objectname) %(*objectname) [7ms]
2025-01-14 05:05:01.844 [info] > git status -z -uall [24ms]
2025-01-14 05:05:06.854 [info] > git config --get commit.template [4ms]
2025-01-14 05:05:06.855 [info] > git for-each-ref --format=%(refname)%00%(upstream:short)%00%(objectname)%00%(upstream:track)%00%(upstream:remotename)%00%(upstream:remoteref) refs/heads/master refs/remotes/master [2ms]
2025-01-14 05:05:06.876 [info] > git for-each-ref --sort -committerdate --format %(refname) %(objectname) %(*objectname) [15ms]
2025-01-14 05:05:06.880 [info] > git status -z -uall [22ms]
2025-01-14 05:05:08.496 [info] > git ls-files --stage -- /home/ec2-user/README.md [3ms]
2025-01-14 05:05:08.500 [info] > git cat-file -s 26ea9eef57eee7a0416313c78e08dc728137eadb [2ms]
2025-01-14 05:05:08.570 [info] > git show --textconv :README.md [2ms]
2025-01-14 05:05:11.889 [info] > git config --get commit.template [5ms]
2025-01-14 05:05:11.891 [info] > git for-each-ref --format=%(refname)%00%(upstream:short)%00%(objectname)%00%(upstream:track)%00%(upstream:remotename)%00%(upstream:remoteref) refs/heads/master refs/remotes/master [2ms]
2025-01-14 05:05:11.906 [info] > git for-each-ref --sort -committerdate --format %(refname) %(objectname) %(*objectname) [9ms]
2025-01-14 05:05:11.916 [info] > git status -z -uall [22ms]
2025-01-14 05:05:16.925 [info] > git config --get commit.template [3ms]
2025-01-14 05:05:16.928 [info] > git for-each-ref --format=%(refname)%00%(upstream:short)%00%(objectname)%00%(upstream:track)%00%(upstream:remotename)%00%(upstream:remoteref) refs/heads/master refs/remotes/master [3ms]
2025-01-14 05:05:16.941 [info] > git for-each-ref --sort -committerdate --format %(refname) %(objectname) %(*objectname) [7ms]
2025-01-14 05:05:16.953 [info] > git status -z -uall [23ms]
2025-01-14 05:05:21.962 [info] > git config --get commit.template [4ms]
2025-01-14 05:05:21.964 [info] > git for-each-ref --format=%(refname)%00%(upstream:short)%00%(objectname)%00%(upstream:track)%00%(upstream:remotename)%00%(upstream:remoteref) refs/heads/master refs/remotes/master [3ms]
2025-01-14 05:05:21.979 [info] > git for-each-ref --sort -committerdate --format %(refname) %(objectname) %(*objectname) [9ms]
2025-01-14 05:05:21.990 [info] > git status -z -uall [24ms]
2025-01-14 05:05:26.999 [info] > git config --get commit.template [4ms]
2025-01-14 05:05:27.001 [info] > git for-each-ref --format=%(refname)%00%(upstream:short)%00%(objectname)%00%(upstream:track)%00%(upstream:remotename)%00%(upstream:remoteref) refs/heads/master refs/remotes/master [3ms]
2025-01-14 05:05:27.015 [info] > git for-each-ref --sort -committerdate --format %(refname) %(objectname) %(*objectname) [8ms]
2025-01-14 05:05:27.028 [info] > git status -z -uall [25ms]
2025-01-14 05:05:31.170 [info] > git config --get commit.template [3ms]
2025-01-14 05:05:31.173 [info] > git for-each-ref --format=%(refname)%00%(upstream:short)%00%(objectname)%00%(upstream:track)%00%(upstream:remotename)%00%(upstream:remoteref) refs/heads/master refs/remotes/master [3ms]
2025-01-14 05:05:31.185 [info] > git for-each-ref --sort -committerdate --format %(refname) %(objectname) %(*objectname) [5ms]
2025-01-14 05:05:31.199 [info] > git status -z -uall [24ms]
2025-01-14 05:05:32.038 [info] > git config --get commit.template [5ms]
2025-01-14 05:05:32.040 [info] > git for-each-ref --format=%(refname)%00%(upstream:short)%00%(objectname)%00%(upstream:track)%00%(upstream:remotename)%00%(upstream:remoteref) refs/heads/master refs/remotes/master [2ms]
2025-01-14 05:05:32.066 [info] > git for-each-ref --sort -committerdate --format %(refname) %(objectname) %(*objectname) [14ms]
2025-01-14 05:05:32.068 [info] > git status -z -uall [25ms]
2025-01-14 05:05:35.454 [info] > git ls-files --stage -- /home/ec2-user/README.md [2ms]
2025-01-14 05:05:35.459 [info] > git cat-file -s 26ea9eef57eee7a0416313c78e08dc728137eadb [3ms]
2025-01-14 05:05:35.533 [info] > git show --textconv :README.md [3ms]
2025-01-14 05:05:37.076 [info] > git config --get commit.template [4ms]
2025-01-14 05:05:37.078 [info] > git for-each-ref --format=%(refname)%00%(upstream:short)%00%(objectname)%00%(upstream:track)%00%(upstream:remotename)%00%(upstream:remoteref) refs/heads/master refs/remotes/master [3ms]
2025-01-14 05:05:37.090 [info] > git for-each-ref --sort -committerdate --format %(refname) %(objectname) %(*objectname) [7ms]
2025-01-14 05:05:37.104 [info] > git status -z -uall [23ms]
2025-01-14 05:05:42.113 [info] > git config --get commit.template [4ms]
2025-01-14 05:05:42.115 [info] > git for-each-ref --format=%(refname)%00%(upstream:short)%00%(objectname)%00%(upstream:track)%00%(upstream:remotename)%00%(upstream:remoteref) refs/heads/master refs/remotes/master [2ms]
2025-01-14 05:05:42.136 [info] > git for-each-ref --sort -committerdate --format %(refname) %(objectname) %(*objectname) [15ms]
2025-01-14 05:05:42.140 [info] > git status -z -uall [23ms]
2025-01-14 05:05:47.149 [info] > git config --get commit.template [4ms]
2025-01-14 05:05:47.151 [info] > git for-each-ref --format=%(refname)%00%(upstream:short)%00%(objectname)%00%(upstream:track)%00%(upstream:remotename)%00%(upstream:remoteref) refs/heads/master refs/remotes/master [3ms]
2025-01-14 05:05:47.163 [info] > git for-each-ref --sort -committerdate --format %(refname) %(objectname) %(*objectname) [6ms]
2025-01-14 05:05:47.176 [info] > git status -z -uall [23ms]
2025-01-14 05:05:52.184 [info] > git config --get commit.template [3ms]
2025-01-14 05:05:52.186 [info] > git for-each-ref --format=%(refname)%00%(upstream:short)%00%(objectname)%00%(upstream:track)%00%(upstream:remotename)%00%(upstream:remoteref) refs/heads/master refs/remotes/master [2ms]
2025-01-14 05:05:52.198 [info] > git for-each-ref --sort -committerdate --format %(refname) %(objectname) %(*objectname) [6ms]
2025-01-14 05:05:52.215 [info] > git status -z -uall [26ms]
2025-01-14 05:05:57.223 [info] > git config --get commit.template [3ms]
2025-01-14 05:05:57.226 [info] > git for-each-ref --format=%(refname)%00%(upstream:short)%00%(objectname)%00%(upstream:track)%00%(upstream:remotename)%00%(upstream:remoteref) refs/heads/master refs/remotes/master [3ms]
2025-01-14 05:05:57.244 [info] > git for-each-ref --sort -committerdate --format %(refname) %(objectname) %(*objectname) [6ms]
2025-01-14 05:05:57.259 [info] > git status -z -uall [25ms]
2025-01-14 05:06:02.268 [info] > git config --get commit.template [3ms]
2025-01-14 05:06:02.270 [info] > git for-each-ref --format=%(refname)%00%(upstream:short)%00%(objectname)%00%(upstream:track)%00%(upstream:remotename)%00%(upstream:remoteref) refs/heads/master refs/remotes/master [3ms]
2025-01-14 05:06:02.295 [info] > git for-each-ref --sort -committerdate --format %(refname) %(objectname) %(*objectname) [18ms]
2025-01-14 05:06:02.296 [info] > git status -z -uall [24ms]
2025-01-14 05:06:14.092 [info] > git config --get commit.template [4ms]
2025-01-14 05:06:14.094 [info] > git for-each-ref --format=%(refname)%00%(upstream:short)%00%(objectname)%00%(upstream:track)%00%(upstream:remotename)%00%(upstream:remoteref) refs/heads/master refs/remotes/master [3ms]
2025-01-14 05:06:14.105 [info] > git for-each-ref --sort -committerdate --format %(refname) %(objectname) %(*objectname) [6ms]
2025-01-14 05:06:14.118 [info] > git status -z -uall [23ms]
2025-01-14 05:07:15.926 [info] > git config --get commit.template [4ms]
2025-01-14 05:07:15.928 [info] > git for-each-ref --format=%(refname)%00%(upstream:short)%00%(objectname)%00%(upstream:track)%00%(upstream:remotename)%00%(upstream:remoteref) refs/heads/master refs/remotes/master [3ms]
2025-01-14 05:07:15.945 [info] > git for-each-ref --sort -committerdate --format %(refname) %(objectname) %(*objectname) [12ms]
2025-01-14 05:07:15.953 [info] > git status -z -uall [24ms]
2025-01-14 05:07:20.961 [info] > git config --get commit.template [3ms]
2025-01-14 05:07:20.964 [info] > git for-each-ref --format=%(refname)%00%(upstream:short)%00%(objectname)%00%(upstream:track)%00%(upstream:remotename)%00%(upstream:remoteref) refs/heads/master refs/remotes/master [3ms]
2025-01-14 05:07:20.976 [info] > git for-each-ref --sort -committerdate --format %(refname) %(objectname) %(*objectname) [6ms]
2025-01-14 05:07:20.989 [info] > git status -z -uall [23ms]
